[0m[[0m[0mdebug[0m] [0m[0m> Exec(;Test/compile; collectAnalyses, None, Some(CommandSource(network-1)))[0m
[0m[[0m[0mdebug[0m] [0m[0munmatched Processing event for requestId None: None[0m
[0m[[0m[0mdebug[0m] [0m[0munmatched Done event for requestId None: None[0m
[0m[[0m[0mdebug[0m] [0m[0m> Exec(Test/compile, None, Some(CommandSource(network-1)))[0m
[0m[[0m[0mdebug[0m] [0m[0munmatched Processing event for requestId None: None[0m
[0m[[0m[0mdebug[0m] [0m[0mEvaluating tasks: Test / compile[0m
[0m[[0m[0mdebug[0m] [0m[0mRunning task... Cancel: bloop.integrations.sbt.Offloader$$anon$1@43efe064, check cycles: false, forcegc: true[0m
[0m[[0m[0mdebug[0m] [0m[0mjsonRpcNotify: JsonRpcNotificationMessage(2.0, build/taskStart, {"taskId":{"id":"133","parents":[]},"eventTime":1642001067478,"message":"Compiling project","dataKind":"compile-task","data":{"target":{"uri":"file:/C:/Users/Family/Desktop/Project0/project/#project/Compile"}}})[0m
[0m[[0m[0mdebug[0m] [0m[0mjsonRpcNotify: JsonRpcNotificationMessage(2.0, build/publishDiagnostics, {"textDocument":{"uri":"file:///C:/Users/Family/Desktop/Project0/project/src/main/scala/Project0.scala"},"buildTarget":{"uri":"file:/C:/Users/Family/Desktop/Project0/project/#project/Compile"},"diagnostics":[],"reset":true})[0m
[0m[[0m[0mdebug[0m] [0m[0mjsonRpcNotify: JsonRpcNotificationMessage(2.0, build/taskFinish, {"taskId":{"id":"133","parents":[]},"eventTime":1642001067496,"message":"Compiled project","status":1,"dataKind":"compile-report","data":{"target":{"uri":"file:/C:/Users/Family/Desktop/Project0/project/#project/Compile"},"errors":0,"warnings":0,"time":18}})[0m
[0m[[0m[0mdebug[0m] [0m[0mjsonRpcNotify: JsonRpcNotificationMessage(2.0, build/taskStart, {"taskId":{"id":"134","parents":[]},"eventTime":1642001067502,"message":"Compiling project-test","dataKind":"compile-task","data":{"target":{"uri":"file:/C:/Users/Family/Desktop/Project0/project/#project/Test"}}})[0m
[0m[[0m[0mdebug[0m] [0m[0mjsonRpcNotify: JsonRpcNotificationMessage(2.0, build/taskFinish, {"taskId":{"id":"134","parents":[]},"eventTime":1642001067507,"message":"Compiled project-test","status":1,"dataKind":"compile-report","data":{"target":{"uri":"file:/C:/Users/Family/Desktop/Project0/project/#project/Test"},"errors":0,"warnings":0,"time":5}})[0m
[0m[[0m[32msuccess[0m] [0m[0mTotal time: 0 s, completed Jan 12, 2022 10:24:27 AM[0m
[0m[[0m[0mdebug[0m] [0m[0munmatched Done event for requestId None: None[0m
[0m[[0m[0mdebug[0m] [0m[0m> Exec(collectAnalyses, None, Some(CommandSource(network-1)))[0m
[0m[[0m[0mdebug[0m] [0m[0munmatched Processing event for requestId None: None[0m
[0m[[0m[0mdebug[0m] [0m[0mEvaluating tasks: Compile / collectAnalyses[0m
[0m[[0m[0mdebug[0m] [0m[0mRunning task... Cancel: bloop.integrations.sbt.Offloader$$anon$1@29a50a11, check cycles: false, forcegc: true[0m
[0m[[0m[0mdebug[0m] [0m[0manalysis location (C:\Users\Family\Desktop\Project0\project\target\scala-2.11\zinc\inc_compile_2.11.zip,true)[0m
[0m[[0m[32msuccess[0m] [0m[0mTotal time: 0 s, completed Jan 12, 2022 10:24:27 AM[0m
[0m[[0m[0mdebug[0m] [0m[0munmatched Done event for requestId None: None[0m
[0m[[0m[0mdebug[0m] [0m[0m> Exec(resumeFromFailure, None, None)[0m
[0m[[0m[0mdebug[0m] [0m[0m> Exec(__waitWatch console0, None, None)[0m
